<?xml version="1.0" encoding="UTF-8"?>
<testng-results skipped="0" failed="0" ignored="0" total="1" passed="1">
  <reporter-output>
    <line>
      <![CDATA[Neeraj kumar maurya]]>
    </line>
  </reporter-output>
  <suite name="Default suite" duration-ms="108" started-at="2023-04-14T13:38:44Z" finished-at="2023-04-14T13:38:44Z">
    <groups>
    </groups>
    <test name="Default test" duration-ms="108" started-at="2023-04-14T13:38:44Z" finished-at="2023-04-14T13:38:44Z">
      <class name="com.actitime.testscript.CustomerModule">
        <test-method status="PASS" signature="CreateCustomer()[pri:0, instance:com.actitime.testscript.CustomerModule@5ea434c8]" name="CreateCustomer" duration-ms="28" started-at="2023-04-14T13:38:44Z" finished-at="2023-04-14T13:38:44Z">
          <reporter-output>
            <line>
              <![CDATA[Neeraj kumar maurya]]>
            </line>
          </reporter-output>
        </test-method> <!-- CreateCustomer -->
      </class> <!-- com.actitime.testscript.CustomerModule -->
    </test> <!-- Default test -->
  </suite> <!-- Default suite -->
</testng-results>
